[22/09/2025 19:49:57][TRACE] LoadInitials Ready
[22/09/2025 19:50:04][DEBUG] begin TFilePurgerService.Timer1Timer
[22/09/2025 19:50:23][TRACE] Timer Start
[22/09/2025 19:50:27][TRACE] Timer End
[22/09/2025 19:50:28][DEBUG] end TFilePurgerService.Timer1Timer
[22/09/2025 19:50:29][TRACE] UnLoadInitials
[22/09/2025 19:52:40][TRACE] LoadInitials Ready
[22/09/2025 19:52:42][DEBUG] begin TFilePurgerService.Timer1Timer
[22/09/2025 19:52:44][TRACE] Timer Start
[22/09/2025 19:52:48][TRACE] Timer End
[22/09/2025 19:52:48][DEBUG] end TFilePurgerService.Timer1Timer
[22/09/2025 19:52:48][TRACE] UnLoadInitials
[22/09/2025 20:02:29][TRACE] LoadInitials Ready
[22/09/2025 20:02:29][DEBUG] begin TFilePurgerService.Timer1Timer
[22/09/2025 20:02:29][TRACE] Timer Start
[22/09/2025 20:02:29][TRACE] Delete files before 23/08/2025 20:02:29
[22/09/2025 20:02:29][INFO] Deleting files from X:\Instaladores
[22/09/2025 20:02:29][DEBUG] begin DeleteFilesOlderThan
[22/09/2025 20:02:29][DEBUG]   Params: ADirectory=X:\Instaladores,ATime=23/08/2025 20:02:29
[22/09/2025 20:02:29][DEBUG]   deleting file X:\Instaladores\series.txt
[22/09/2025 20:02:29][DEBUG] end DeleteFilesOlderThan
[22/09/2025 20:02:29][INFO] Deleting files from C:\Windows\System32
[22/09/2025 20:02:29][DEBUG] begin DeleteFilesOlderThan
[22/09/2025 20:02:29][DEBUG]   Params: ADirectory=C:\Windows\System32,ATime=23/08/2025 20:02:29
[22/09/2025 20:02:29][DEBUG]   deleting file C:\Windows\System32\12520437.cpx
[22/09/2025 20:02:29][DEBUG]   deleting file C:\Windows\System32\12520850.cpx
[22/09/2025 20:02:29][DEBUG]   deleting file C:\Windows\System32\@AppHelpToast.png
[22/09/2025 20:02:29][DEBUG]   deleting file C:\Windows\System32\@AudioToastIcon.png
[22/09/2025 20:02:29][DEBUG]   deleting file C:\Windows\System32\@EnrollmentToastIcon.png
[22/09/2025 20:02:29][DEBUG]   deleting file C:\Windows\System32\@VpnToastIcon.png
[22/09/2025 20:02:29][DEBUG]   deleting file C:\Windows\System32\@WirelessDisplayToast.png
[22/09/2025 20:02:29][DEBUG]   deleting file C:\Windows\System32\aclui.dll
[22/09/2025 20:02:29][DEBUG]   deleting file C:\Windows\System32\acwow64.dll
[22/09/2025 20:02:29][DEBUG]   deleting file C:\Windows\System32\adal.dll
[22/09/2025 20:02:29][DEBUG]   deleting file C:\Windows\System32\adalsql.dll
[22/09/2025 20:02:30][DEBUG]   deleting file C:\Windows\System32\adprovider.dll
[22/09/2025 20:02:30][DEBUG]   deleting file C:\Windows\System32\adtschema.dll
[22/09/2025 20:02:30][DEBUG]   deleting file C:\Windows\System32\amdihk32.dll
[22/09/2025 20:02:30][DEBUG]   deleting file C:\Windows\System32\apprepapi.dll
[22/09/2025 20:02:30][DEBUG]   deleting file C:\Windows\System32\appverif.chm
[22/09/2025 20:02:30][DEBUG]   deleting file C:\Windows\System32\appverifUI.dll
[22/09/2025 20:02:30][DEBUG]   deleting file C:\Windows\System32\AppxApplicabilityEngine.dll
[22/09/2025 20:02:30][DEBUG]   deleting file C:\Windows\System32\aticfx32.dll
[22/09/2025 20:02:30][DEBUG]   deleting file C:\Windows\System32\atigktxx.dll
[22/09/2025 20:02:30][DEBUG]   deleting file C:\Windows\System32\atiumdva.cap
[22/09/2025 20:02:30][DEBUG]   deleting file C:\Windows\System32\auditpolmsg.dll
[22/09/2025 20:02:30][DEBUG]   deleting file C:\Windows\System32\AuthBrokerUI.dll
[22/09/2025 20:02:30][DEBUG]   deleting file C:\Windows\System32\AuthExt.dll
[22/09/2025 20:02:30][DEBUG]   deleting file C:\Windows\System32\AutomaticAppSignInPolicy.dll
[22/09/2025 20:02:30][DEBUG]   deleting file C:\Windows\System32\azman.msc
[22/09/2025 20:02:30][DEBUG]   deleting file C:\Windows\System32\bcd.dll
[22/09/2025 20:02:30][DEBUG]   deleting file C:\Windows\System32\BluetoothOppPushClient.dll
[22/09/2025 20:02:30][DEBUG]   deleting file C:\Windows\System32\boot.sdi
[22/09/2025 20:02:30][DEBUG]   deleting file C:\Windows\System32\bopomofo.uce
[22/09/2025 20:02:30][DEBUG]   deleting file C:\Windows\System32\BrokerFileDialog.dat
[22/09/2025 20:02:30][DEBUG]   deleting file C:\Windows\System32\bthudtask.exe
[22/09/2025 20:02:30][DEBUG]   deleting file C:\Windows\System32\CallButtons.dll
[22/09/2025 20:02:30][DEBUG]   deleting file C:\Windows\System32\CallButtons.ProxyStub.dll
[22/09/2025 20:02:30][DEBUG]   deleting file C:\Windows\System32\cero.rs
[22/09/2025 20:02:30][DEBUG]   deleting file C:\Windows\System32\certCredProvider.dll
[22/09/2025 20:02:30][DEBUG]   deleting file C:\Windows\System32\CertEnrollUI.dll
[22/09/2025 20:02:30][DEBUG]   deleting file C:\Windows\System32\certreq.exe
[22/09/2025 20:02:30][DEBUG]   deleting file C:\Windows\System32\cfmifsproxy.dll
[22/09/2025 20:02:30][DEBUG]   deleting file C:\Windows\System32\Chakradiag.dll
[22/09/2025 20:02:30][DEBUG]   deleting file C:\Windows\System32\chcp.com
[22/09/2025 20:02:30][DEBUG]   deleting file C:\Windows\System32\chs_singlechar_pinyin.dat
[22/09/2025 20:02:30][DEBUG]   deleting file C:\Windows\System32\cliconfg.rll
[22/09/2025 20:02:30][DEBUG]   deleting file C:\Windows\System32\CloudNotifications.exe
[22/09/2025 20:02:30][DEBUG]   deleting file C:\Windows\System32\cmgrcspps.dll
[22/09/2025 20:02:30][DEBUG]   deleting file C:\Windows\System32\cngprovider.dll
[22/09/2025 20:02:30][DEBUG]   deleting file C:\Windows\System32\cob-au.rs
[22/09/2025 20:02:30][DEBUG]   deleting file C:\Windows\System32\COLORCNV.DLL
[22/09/2025 20:02:30][DEBUG]   deleting file C:\Windows\System32\comexp.msc
[22/09/2025 20:02:30][DEBUG]   deleting file C:\Windows\System32\ComposableShellProxyStub.dll
[22/09/2025 20:02:30][DEBUG]   deleting file C:\Windows\System32\comres.dll
[22/09/2025 20:02:30][DEBUG]   deleting file C:\Windows\System32\control.exe
[22/09/2025 20:02:30][DEBUG]   deleting file C:\Windows\System32\credssp.dll
[22/09/2025 20:02:30][DEBUG]   deleting file C:\Windows\System32\csrr.rs
[22/09/2025 20:02:30][DEBUG]   deleting file C:\Windows\System32\ctfmon.exe
[22/09/2025 20:02:30][DEBUG]   deleting file C:\Windows\System32\curl.exe
[22/09/2025 20:02:30][DEBUG]   deleting file C:\Windows\System32\cuzzapi.dll
[22/09/2025 20:02:30][DEBUG]   deleting file C:\Windows\System32\d2d1debug3.dll
[22/09/2025 20:02:30][DEBUG]   deleting file C:\Windows\System32\d3d10ref.dll
[22/09/2025 20:02:30][DEBUG]   deleting file C:\Windows\System32\d3d10sdklayers.dll
[22/09/2025 20:02:30][DEBUG]   deleting file C:\Windows\System32\d3d11ref.dll
[22/09/2025 20:02:30][DEBUG]   deleting file C:\Windows\System32\d3d11sdklayers.dll
[22/09/2025 20:02:30][DEBUG]   deleting file C:\Windows\System32\d3d11_1sdklayers.dll
[22/09/2025 20:02:30][DEBUG]   deleting file C:\Windows\System32\d3d11_2sdklayers.dll
[22/09/2025 20:02:30][DEBUG]   deleting file C:\Windows\System32\d3d11_3SDKLayers.dll
[22/09/2025 20:02:30][DEBUG]   deleting file C:\Windows\System32\D3DCompiler_33.dll
[22/09/2025 20:02:30][DEBUG]   deleting file C:\Windows\System32\D3DCompiler_34.dll
[22/09/2025 20:02:30][DEBUG]   deleting file C:\Windows\System32\D3DCompiler_35.dll
[22/09/2025 20:02:30][DEBUG]   deleting file C:\Windows\System32\D3DCompiler_37.dll
[22/09/2025 20:02:30][DEBUG]   deleting file C:\Windows\System32\D3DCompiler_38.dll
[22/09/2025 20:02:30][DEBUG]   deleting file C:\Windows\System32\D3DCompiler_39.dll
[22/09/2025 20:02:30][DEBUG]   deleting file C:\Windows\System32\D3DCompiler_40.dll
[22/09/2025 20:02:30][DEBUG]   deleting file C:\Windows\System32\D3DCompiler_41.dll
[22/09/2025 20:02:30][DEBUG]   deleting file C:\Windows\System32\d3dref9.dll
[22/09/2025 20:02:30][DEBUG]   deleting file C:\Windows\System32\d3dx10.dll
[22/09/2025 20:02:30][DEBUG]   deleting file C:\Windows\System32\d3dx10_33.dll
[22/09/2025 20:02:30][DEBUG]   deleting file C:\Windows\System32\d3dx10_35.dll
[22/09/2025 20:02:30][DEBUG]   deleting file C:\Windows\System32\d3dx10_37.dll
[22/09/2025 20:02:30][DEBUG]   deleting file C:\Windows\System32\d3dx10_38.dll
[22/09/2025 20:02:30][DEBUG]   deleting file C:\Windows\System32\d3dx10_39.dll
[22/09/2025 20:02:30][DEBUG]   deleting file C:\Windows\System32\d3dx10_41.dll
[22/09/2025 20:02:30][DEBUG]   deleting file C:\Windows\System32\d3dx9_24.dll
[22/09/2025 20:02:30][DEBUG]   deleting file C:\Windows\System32\d3dx9_25.dll
[22/09/2025 20:02:30][DEBUG]   deleting file C:\Windows\System32\d3dx9_26.dll
[22/09/2025 20:02:30][DEBUG]   deleting file C:\Windows\System32\d3dx9_27.dll
[22/09/2025 20:02:30][DEBUG]   deleting file C:\Windows\System32\d3dx9_28.dll
[22/09/2025 20:02:30][DEBUG]   deleting file C:\Windows\System32\d3dx9_29.dll
[22/09/2025 20:02:30][DEBUG]   deleting file C:\Windows\System32\d3dx9_30.dll
[22/09/2025 20:02:30][DEBUG]   deleting file C:\Windows\System32\d3dx9_31.dll
[22/09/2025 20:02:30][DEBUG]   deleting file C:\Windows\System32\d3dx9_32.dll
[22/09/2025 20:02:30][DEBUG]   deleting file C:\Windows\System32\d3dx9_33.dll
[22/09/2025 20:02:30][DEBUG]   deleting file C:\Windows\System32\d3dx9_34.dll
[22/09/2025 20:02:30][DEBUG]   deleting file C:\Windows\System32\d3dx9_36.dll
[22/09/2025 20:02:30][DEBUG]   deleting file C:\Windows\System32\D3DX9_37.dll
[22/09/2025 20:02:30][DEBUG]   deleting file C:\Windows\System32\D3DX9_38.dll
[22/09/2025 20:02:30][DEBUG]   deleting file C:\Windows\System32\D3DX9_39.dll
[22/09/2025 20:02:30][DEBUG]   deleting file C:\Windows\System32\D3DX9_40.dll
[22/09/2025 20:02:30][DEBUG]   deleting file C:\Windows\System32\dccw.exe
[22/09/2025 20:02:30][DEBUG]   deleting file C:\Windows\System32\DefaultAccountTile.png
[22/09/2025 20:02:30][DEBUG]   deleting file C:\Windows\System32\desk.cpl
[22/09/2025 20:02:30][DEBUG]   deleting file C:\Windows\System32\deviceassociation.dll
[22/09/2025 20:02:30][DEBUG]   deleting file C:\Windows\System32\DeviceCredential.dll
[22/09/2025 20:02:30][DEBUG]   deleting file C:\Windows\System32\DevicePairingFolder.dll
[22/09/2025 20:02:30][DEBUG]   deleting file C:\Windows\System32\DevicePairingProxy.dll
[22/09/2025 20:02:30][DEBUG]   deleting file C:\Windows\System32\djctq.rs
[22/09/2025 20:02:30][DEBUG]   deleting file C:\Windows\System32\DMAppsRes.dll
[22/09/2025 20:02:30][DEBUG]   deleting file C:\Windows\System32\dmdlgs.dll
[22/09/2025 20:02:30][DEBUG]   deleting file C:\Windows\System32\dmdskres2.dll
[22/09/2025 20:02:30][DEBUG]   deleting file C:\Windows\System32\dmintf.dll
[22/09/2025 20:02:30][DEBUG]   deleting file C:\Windows\System32\dmloader.dll
[22/09/2025 20:02:30][DEBUG]   deleting file C:\Windows\System32\dmusic.dll
[22/09/2025 20:02:30][DEBUG]   deleting file C:\Windows\System32\dmutil.dll
[22/09/2025 20:02:30][DEBUG]   deleting file C:\Windows\System32\dmxmlhelputils.dll
[22/09/2025 20:02:30][DEBUG]   deleting file C:\Windows\System32\DolbyDecMFT_redirect.dll
[22/09/2025 20:02:30][DEBUG]   deleting file C:\Windows\System32\dot3gpclnt.dll
[22/09/2025 20:02:30][DEBUG]   deleting file C:\Windows\System32\dpapiprovider.dll
[22/09/2025 20:02:30][DEBUG]   deleting file C:\Windows\System32\dplaysvr.exe
[22/09/2025 20:02:30][DEBUG]   deleting file C:\Windows\System32\dplayx.dll
[22/09/2025 20:02:30][DEBUG]   deleting file C:\Windows\System32\dpmodemx.dll
[22/09/2025 20:02:30][DEBUG]   deleting file C:\Windows\System32\dpnaddr.dll
[22/09/2025 20:02:30][DEBUG]   deleting file C:\Windows\System32\dpnathlp.dll
[22/09/2025 20:02:30][DEBUG]   deleting file C:\Windows\System32\dpnhpast.dll
[22/09/2025 20:02:30][DEBUG]   deleting file C:\Windows\System32\dpnhupnp.dll
[22/09/2025 20:02:30][DEBUG]   deleting file C:\Windows\System32\dpnlobby.dll
[22/09/2025 20:02:30][DEBUG]   deleting file C:\Windows\System32\dpnsvr.exe
[22/09/2025 20:02:30][DEBUG]   deleting file C:\Windows\System32\dpwsockx.dll
[22/09/2025 20:02:30][DEBUG]   deleting file C:\Windows\System32\driverquery.exe
[22/09/2025 20:02:30][DEBUG]   deleting file C:\Windows\System32\dssec.dat
[22/09/2025 20:02:30][DEBUG]   deleting file C:\Windows\System32\dswave.dll
[22/09/2025 20:02:30][DEBUG]   deleting file C:\Windows\System32\DXCap.exe
[22/09/2025 20:02:30][DEBUG]   deleting file C:\Windows\System32\DXToolsOfflineAnalysis.dll
[22/09/2025 20:02:30][DEBUG]   deleting file C:\Windows\System32\dxva2.dll
[22/09/2025 20:02:30][DEBUG]   deleting file C:\Windows\System32\eapprovp.dll
[22/09/2025 20:02:30][DEBUG]   deleting file C:\Windows\System32\eapsimextdesktop.dll
[22/09/2025 20:02:30][DEBUG]   deleting file C:\Windows\System32\EapTeapConfig.dll
[22/09/2025 20:02:30][DEBUG]   deleting file C:\Windows\System32\efsext.dll
[22/09/2025 20:02:30][DEBUG]   deleting file C:\Windows\System32\efswrt.dll
[22/09/2025 20:02:30][DEBUG]   deleting file C:\Windows\System32\EsdSip.dll
[22/09/2025 20:02:30][DEBUG]   deleting file C:\Windows\System32\esrb.rs
[22/09/2025 20:02:30][DEBUG]   deleting file C:\Windows\System32\EventViewer_EventDetails.xsl
[22/09/2025 20:02:30][DEBUG]   deleting file C:\Windows\System32\FirewallControlPanel.dll
[22/09/2025 20:02:30][DEBUG]   deleting file C:\Windows\System32\FontGlyphAnimator.dll
[22/09/2025 20:02:30][DEBUG]   deleting file C:\Windows\System32\format.com
[22/09/2025 20:02:30][DEBUG]   deleting file C:\Windows\System32\fpb.rs
[22/09/2025 20:02:30][DEBUG]   deleting file C:\Windows\System32\fsquirt.exe
[22/09/2025 20:02:30][DEBUG]   deleting file C:\Windows\System32\fsutilext.dll
[22/09/2025 20:02:30][DEBUG]   deleting file C:\Windows\System32\gb2312.uce
[22/09/2025 20:02:30][DEBUG]   deleting file C:\Windows\System32\grb.rs
[22/09/2025 20:02:30][DEBUG]   deleting file C:\Windows\System32\hgcpl.dll
[22/09/2025 20:02:30][DEBUG]   deleting file C:\Windows\System32\hidserv.dll
[22/09/2025 20:02:30][DEBUG]   deleting file C:\Windows\System32\hmkd.dll
[22/09/2025 20:02:30][DEBUG]   deleting file C:\Windows\System32\HPScanTEDrv_DJ2600.dll
[22/09/2025 20:02:30][DEBUG]   deleting file C:\Windows\System32\HPScanTEDrv_DJ2600_DiscoveryLibDyn.dll
[22/09/2025 20:02:30][DEBUG]   deleting file C:\Windows\System32\html.iec
[22/09/2025 20:02:30][DEBUG]   deleting file C:\Windows\System32\IdCtrls.dll
[22/09/2025 20:02:30][DEBUG]   deleting file C:\Windows\System32\ideograf.uce
[22/09/2025 20:02:30][DEBUG]   deleting file C:\Windows\System32\ieproxy.dll
[22/09/2025 20:02:30][DEBUG]   deleting file C:\Windows\System32\ieuinit.inf
[22/09/2025 20:02:30][DEBUG]   deleting file C:\Windows\System32\imaadp32.acm
[22/09/2025 20:02:30][DEBUG]   deleting file C:\Windows\System32\ime_textinputhelpers.dll
[22/09/2025 20:02:30][DEBUG]   deleting file C:\Windows\System32\InputSwitchToastHandler.exe
[22/09/2025 20:02:30][DEBUG]   deleting file C:\Windows\System32\IntegratedServicesRegionPolicySet.json
[22/09/2025 20:02:30][DEBUG]   deleting file C:\Windows\System32\iologmsg.dll
[22/09/2025 20:02:30][DEBUG]   deleting file C:\Windows\System32\joinutil.dll
[22/09/2025 20:02:30][DEBUG]   deleting file C:\Windows\System32\kanji_1.uce
[22/09/2025 20:02:30][DEBUG]   deleting file C:\Windows\System32\kanji_2.uce
[22/09/2025 20:02:30][DEBUG]   deleting file C:\Windows\System32\KBDINUK3.DLL
[22/09/2025 20:02:30][DEBUG]   deleting file C:\Windows\System32\KBDJPN.DLL
[22/09/2025 20:02:30][DEBUG]   deleting file C:\Windows\System32\KBDKOR.DLL
[22/09/2025 20:02:30][DEBUG]   deleting file C:\Windows\System32\KBDMONS2.DLL
[22/09/2025 20:02:30][DEBUG]   deleting file C:\Windows\System32\KBDUS.DLL
[22/09/2025 20:02:30][DEBUG]   deleting file C:\Windows\System32\korean.uce
[22/09/2025 20:02:30][DEBUG]   deleting file C:\Windows\System32\l3codecp.acm
[22/09/2025 20:02:30][DEBUG]   deleting file C:\Windows\System32\LanguageOverlayUtil.dll
[22/09/2025 20:02:30][DEBUG]   deleting file C:\Windows\System32\lcphrase.tbl
[22/09/2025 20:02:30][DEBUG]   deleting file C:\Windows\System32\lcptr.tbl
[22/09/2025 20:02:30][DEBUG]   deleting file C:\Windows\System32\mantle32.dll
[22/09/2025 20:02:30][DEBUG]   deleting file C:\Windows\System32\mantleaxl32.dll
[22/09/2025 20:02:30][DEBUG]   deleting file C:\Windows\System32\mapi32.dll
[22/09/2025 20:02:30][DEBUG]   deleting file C:\Windows\System32\mapistub.dll
[22/09/2025 20:02:30][DEBUG]   deleting file C:\Windows\System32\mcbuilder.exe
[22/09/2025 20:02:30][DEBUG]   deleting file C:\Windows\System32\mfAACEnc.dll
[22/09/2025 20:02:30][DEBUG]   deleting file C:\Windows\System32\mfc140.dll
[22/09/2025 20:02:30][DEBUG]   deleting file C:\Windows\System32\mfc140chs.dll
[22/09/2025 20:02:30][DEBUG]   deleting file C:\Windows\System32\mfc140cht.dll
[22/09/2025 20:02:30][DEBUG]   deleting file C:\Windows\System32\mfc140deu.dll
[22/09/2025 20:02:30][DEBUG]   deleting file C:\Windows\System32\mfc140enu.dll
[22/09/2025 20:02:30][DEBUG]   deleting file C:\Windows\System32\mfc140fra.dll
[22/09/2025 20:02:30][DEBUG]   deleting file C:\Windows\System32\mfc140ita.dll
[22/09/2025 20:02:30][DEBUG]   deleting file C:\Windows\System32\mfc140jpn.dll
[22/09/2025 20:02:30][DEBUG]   deleting file C:\Windows\System32\mfc140kor.dll
[22/09/2025 20:02:30][DEBUG]   deleting file C:\Windows\System32\mfc140rus.dll
[22/09/2025 20:02:30][DEBUG]   deleting file C:\Windows\System32\mfcm140.dll
[22/09/2025 20:02:30][DEBUG]   deleting file C:\Windows\System32\mfcm140u.dll
[22/09/2025 20:02:30][DEBUG]   deleting file C:\Windows\System32\MFDshowReverseBridge.dll
[22/09/2025 20:02:30][DEBUG]   deleting file C:\Windows\System32\mferror.dll
[22/09/2025 20:02:30][DEBUG]   deleting file C:\Windows\System32\Microsoft.Bluetooth.Proxy.dll
[22/09/2025 20:02:30][DEBUG]   deleting file C:\Windows\System32\MiracastReceiverExt.dll
[22/09/2025 20:02:30][DEBUG]   deleting file C:\Windows\System32\MixedRealityRuntime.json
[22/09/2025 20:02:30][DEBUG]   deleting file C:\Windows\System32\mlang.dat
[22/09/2025 20:02:30][DEBUG]   deleting file C:\Windows\System32\mode.com
[22/09/2025 20:02:30][DEBUG]   deleting file C:\Windows\System32\more.com
[22/09/2025 20:02:30][DEBUG]   deleting file C:\Windows\System32\MP3DMOD.DLL
[22/09/2025 20:02:30][DEBUG]   deleting file C:\Windows\System32\MP4SDECD.DLL
[22/09/2025 20:02:30][DEBUG]   deleting file C:\Windows\System32\msaatext.dll
[22/09/2025 20:02:30][DEBUG]   deleting file C:\Windows\System32\msadp32.acm
[22/09/2025 20:02:30][DEBUG]   deleting file C:\Windows\System32\msaudite.dll
[22/09/2025 20:02:30][DEBUG]   deleting file C:\Windows\System32\mscandui.dll
[22/09/2025 20:02:30][DEBUG]   deleting file C:\Windows\System32\msctfime.ime
[22/09/2025 20:02:30][DEBUG]   deleting file C:\Windows\System32\MsCtfMonitor.dll
[22/09/2025 20:02:30][DEBUG]   deleting file C:\Windows\System32\msctfp.dll
[22/09/2025 20:02:30][DEBUG]   deleting file C:\Windows\System32\msctfuimanager.dll
[22/09/2025 20:02:30][DEBUG]   deleting file C:\Windows\System32\msdatsrc.tlb
[22/09/2025 20:02:30][DEBUG]   deleting file C:\Windows\System32\msg711.acm
[22/09/2025 20:02:30][DEBUG]   deleting file C:\Windows\System32\msgsm32.acm
[22/09/2025 20:02:30][DEBUG]   deleting file C:\Windows\System32\mshtmler.dll
[22/09/2025 20:02:30][DEBUG]   deleting file C:\Windows\System32\mskeyprotcli.dll
[22/09/2025 20:02:30][DEBUG]   deleting file C:\Windows\System32\MSMPEG2ENC.DLL
[22/09/2025 20:02:30][DEBUG]   deleting file C:\Windows\System32\msobjs.dll
[22/09/2025 20:02:30][DEBUG]   deleting file C:\Windows\System32\msodbcdiag17.dll
[22/09/2025 20:02:30][DEBUG]   deleting file C:\Windows\System32\msodbcsql17.dll
[22/09/2025 20:02:30][DEBUG]   deleting file C:\Windows\System32\msoledbsql.dll
[22/09/2025 20:02:30][DEBUG]   deleting file C:\Windows\System32\msra.exe
[22/09/2025 20:02:30][DEBUG]   deleting file C:\Windows\System32\MsraLegacy.tlb
[22/09/2025 20:02:30][DEBUG]   deleting file C:\Windows\System32\msutb.dll
[22/09/2025 20:02:30][DEBUG]   deleting file C:\Windows\System32\MSVP9DEC.dll
[22/09/2025 20:02:30][DEBUG]   deleting file C:\Windows\System32\MSVPXENC.dll
[22/09/2025 20:02:30][DEBUG]   deleting file C:\Windows\System32\MTF.dll
[22/09/2025 20:02:30][DEBUG]   deleting file C:\Windows\System32\MuiUnattend.exe
[22/09/2025 20:02:30][DEBUG]   deleting file C:\Windows\System32\NaturalLanguage6.dll
[22/09/2025 20:02:30][DEBUG]   deleting file C:\Windows\System32\netevent.dll
[22/09/2025 20:02:30][DEBUG]   deleting file C:\Windows\System32\neth.dll
[22/09/2025 20:02:30][DEBUG]   deleting file C:\Windows\System32\netid.dll
[22/09/2025 20:02:30][DEBUG]   deleting file C:\Windows\System32\netplwiz.dll
[22/09/2025 20:02:30][DEBUG]   deleting file C:\Windows\System32\NetworkCollectionAgent.dll
[22/09/2025 20:02:30][DEBUG]   deleting file C:\Windows\System32\nlhtml.dll
[22/09/2025 20:02:30][DEBUG]   deleting file C:\Windows\System32\nlsbres.dll
[22/09/2025 20:02:30][DEBUG]   deleting file C:\Windows\System32\NOISE.DAT
[22/09/2025 20:02:30][DEBUG]   deleting file C:\Windows\System32\noise.dll
[22/09/2025 20:02:30][DEBUG]   deleting file C:\Windows\System32\ntvdm64.dll
[22/09/2025 20:02:30][DEBUG]   deleting file C:\Windows\System32\odbcconf.rsp
[22/09/2025 20:02:30][DEBUG]   deleting file C:\Windows\System32\oemlicense.dll
[22/09/2025 20:02:30][DEBUG]   deleting file C:\Windows\System32\oflc-nz.rs
[22/09/2025 20:02:30][DEBUG]   deleting file C:\Windows\System32\olecli32.dll
[22/09/2025 20:02:30][DEBUG]   deleting file C:\Windows\System32\olesvr32.dll
[22/09/2025 20:02:30][DEBUG]   deleting file C:\Windows\System32\OneSettingsClient.dll
[22/09/2025 20:02:30][DEBUG]   deleting file C:\Windows\System32\openfiles.exe
[22/09/2025 20:02:30][DEBUG]   deleting file C:\Windows\System32\PasswordOnWakeSettingFlyout.exe
[22/09/2025 20:02:30][DEBUG]   deleting file C:\Windows\System32\pcbp.rs
[22/09/2025 20:02:30][DEBUG]   deleting file C:\Windows\System32\pcl.sep
[22/09/2025 20:02:30][DEBUG]   deleting file C:\Windows\System32\pegi-pt.rs
[22/09/2025 20:02:30][DEBUG]   deleting file C:\Windows\System32\pegi.rs
[22/09/2025 20:02:30][DEBUG]   deleting file C:\Windows\System32\PlaySndSrv.dll
[22/09/2025 20:02:30][DEBUG]   deleting file C:\Windows\System32\PlayToManager.dll
[22/09/2025 20:02:30][DEBUG]   deleting file C:\Windows\System32\powercpl.dll
[22/09/2025 20:02:30][DEBUG]   deleting file C:\Windows\System32\prflbmsg.dll
[22/09/2025 20:02:30][DEBUG]   deleting file C:\Windows\System32\profext.dll
[22/09/2025 20:02:30][DEBUG]   deleting file C:\Windows\System32\pscript.sep
[22/09/2025 20:02:30][DEBUG]   deleting file C:\Windows\System32\psisdecd.dll
[22/09/2025 20:02:30][DEBUG]   deleting file C:\Windows\System32\raschap.dll
[22/09/2025 20:02:30][DEBUG]   deleting file C:\Windows\System32\raschapext.dll
[22/09/2025 20:02:30][DEBUG]   deleting file C:\Windows\System32\rasctrnm.h
[22/09/2025 20:02:30][DEBUG]   deleting file C:\Windows\System32\rasgcw.dll
[22/09/2025 20:02:30][DEBUG]   deleting file C:\Windows\System32\reguwpapi.dll
[22/09/2025 20:02:30][DEBUG]   deleting file C:\Windows\System32\RestartManager.mof
[22/09/2025 20:02:30][DEBUG]   deleting file C:\Windows\System32\RestartManagerUninstall.mof
[22/09/2025 20:02:30][DEBUG]   deleting file C:\Windows\System32\RMActivate_ssp.exe
[22/09/2025 20:02:30][DEBUG]   deleting file C:\Windows\System32\RMActivate_ssp_isv.exe
[22/09/2025 20:02:30][DEBUG]   deleting file C:\Windows\System32\RmClient.exe
[22/09/2025 20:02:30][DEBUG]   deleting file C:\Windows\System32\RTHDASIO.dll
[22/09/2025 20:02:30][DEBUG]   deleting file C:\Windows\System32\RTMediaFrame.dll
[22/09/2025 20:02:30][DEBUG]   deleting file C:\Windows\System32\scecli.dll
[22/09/2025 20:02:30][DEBUG]   deleting file C:\Windows\System32\secproc_ssp.dll
[22/09/2025 20:02:30][DEBUG]   deleting file C:\Windows\System32\secproc_ssp_isv.dll
[22/09/2025 20:02:30][DEBUG]   deleting file C:\Windows\System32\SecurityAndMaintenance.png
[22/09/2025 20:02:30][DEBUG]   deleting file C:\Windows\System32\SecurityAndMaintenance_Alert.png
[22/09/2025 20:02:30][DEBUG]   deleting file C:\Windows\System32\SecurityAndMaintenance_Error.png
[22/09/2025 20:02:30][DEBUG]   deleting file C:\Windows\System32\setup16.exe
[22/09/2025 20:02:30][DEBUG]   deleting file C:\Windows\System32\setupcl.dll
[22/09/2025 20:02:30][DEBUG]   deleting file C:\Windows\System32\setupcln.dll
[22/09/2025 20:02:30][DEBUG]   deleting file C:\Windows\System32\sfc.exe
[22/09/2025 20:02:30][DEBUG]   deleting file C:\Windows\System32\shacct.dll
[22/09/2025 20:02:30][DEBUG]   deleting file C:\Windows\System32\shacctprofile.dll
[22/09/2025 20:02:30][DEBUG]   deleting file C:\Windows\System32\ShiftJIS.uce
[22/09/2025 20:02:30][DEBUG]   deleting file C:\Windows\System32\shsvcs.dll
[22/09/2025 20:02:30][DEBUG]   deleting file C:\Windows\System32\shwebsvc.dll
[22/09/2025 20:02:30][DEBUG]   deleting file C:\Windows\System32\SimAuth.dll
[22/09/2025 20:02:30][DEBUG]   deleting file C:\Windows\System32\SimCfg.dll
[22/09/2025 20:02:30][DEBUG]   deleting file C:\Windows\System32\simpdata.tlb
[22/09/2025 20:02:30][DEBUG]   deleting file C:\Windows\System32\smartscreen.dll
[22/09/2025 20:02:30][DEBUG]   deleting file C:\Windows\System32\smartscreenps.dll
[22/09/2025 20:02:30][DEBUG]   deleting file C:\Windows\System32\spopk.dll
[22/09/2025 20:02:30][DEBUG]   deleting file C:\Windows\System32\sppwmi.dll
[22/09/2025 20:02:30][DEBUG]   deleting file C:\Windows\System32\spwizeng.dll
[22/09/2025 20:02:30][DEBUG]   deleting file C:\Windows\System32\SqlServerSpatial150.dll
[22/09/2025 20:02:30][DEBUG]   deleting file C:\Windows\System32\sqlsrv32.dll
[22/09/2025 20:02:30][DEBUG]   deleting file C:\Windows\System32\sqlsrv32.rll
[22/09/2025 20:02:30][DEBUG]   deleting file C:\Windows\System32\srms-apr-v.dat
[22/09/2025 20:02:30][DEBUG]   deleting file C:\Windows\System32\srms-apr.dat
[22/09/2025 20:02:30][DEBUG]   deleting file C:\Windows\System32\SubRange.uce
[22/09/2025 20:02:30][DEBUG]   deleting file C:\Windows\System32\sud.dll
[22/09/2025 20:02:30][DEBUG]   deleting file C:\Windows\System32\SyncRes.dll
[22/09/2025 20:02:30][DEBUG]   deleting file C:\Windows\System32\sysprint.sep
[22/09/2025 20:02:30][DEBUG]   deleting file C:\Windows\System32\sysprtj.sep
[22/09/2025 20:02:30][DEBUG]   deleting file C:\Windows\System32\systemcpl.dll
[22/09/2025 20:02:30][DEBUG]   deleting file C:\Windows\System32\SystemUWPLauncher.exe
[22/09/2025 20:02:30][DEBUG]   deleting file C:\Windows\System32\taskcomp.dll
[22/09/2025 20:02:30][DEBUG]   deleting file C:\Windows\System32\TenantRestrictionsPlugin.dll
[22/09/2025 20:02:30][DEBUG]   deleting file C:\Windows\System32\tetheringclient.dll
[22/09/2025 20:02:30][DEBUG]   deleting file C:\Windows\System32\tlscsp.dll
[22/09/2025 20:02:30][DEBUG]   deleting file C:\Windows\System32\TokenBrokerUI.dll
[22/09/2025 20:02:30][DEBUG]   deleting file C:\Windows\System32\tpm.msc
[22/09/2025 20:02:30][DEBUG]   deleting file C:\Windows\System32\tree.com
[22/09/2025 20:02:30][DEBUG]   deleting file C:\Windows\System32\TSpkg.dll
[22/09/2025 20:02:30][DEBUG]   deleting file C:\Windows\System32\TtlsAuth.dll
[22/09/2025 20:02:30][DEBUG]   deleting file C:\Windows\System32\tzautoupdate.dll
[22/09/2025 20:02:30][DEBUG]   deleting file C:\Windows\System32\ucrtbased.dll
[22/09/2025 20:02:30][DEBUG]   deleting file C:\Windows\System32\unimdm.tsp
[22/09/2025 20:02:30][DEBUG]   deleting file C:\Windows\System32\usbceip.dll
[22/09/2025 20:02:30][DEBUG]   deleting file C:\Windows\System32\usercpl.dll
[22/09/2025 20:02:30][DEBUG]   deleting file C:\Windows\System32\usk.rs
[22/09/2025 20:02:30][DEBUG]   deleting file C:\Windows\System32\vcamp140.dll
[22/09/2025 20:02:30][DEBUG]   deleting file C:\Windows\System32\vcomp140.dll
[22/09/2025 20:02:30][DEBUG]   deleting file C:\Windows\System32\vfbasics.dll
[22/09/2025 20:02:30][DEBUG]   deleting file C:\Windows\System32\vfcompat.dll
[22/09/2025 20:02:30][DEBUG]   deleting file C:\Windows\System32\vfcuzz.dll
[22/09/2025 20:02:30][DEBUG]   deleting file C:\Windows\System32\vfluapriv.dll
[22/09/2025 20:02:30][DEBUG]   deleting file C:\Windows\System32\vfnet.dll
[22/09/2025 20:02:30][DEBUG]   deleting file C:\Windows\System32\vfntlmless.dll
[22/09/2025 20:02:30][DEBUG]   deleting file C:\Windows\System32\vfnws.dll
[22/09/2025 20:02:30][DEBUG]   deleting file C:\Windows\System32\vfprintpthelper.dll
[22/09/2025 20:02:30][DEBUG]   deleting file C:\Windows\System32\VIDRESZR.DLL
[22/09/2025 20:02:30][DEBUG]   deleting file C:\Windows\System32\vmstaging.dll
[22/09/2025 20:02:30][DEBUG]   deleting file C:\Windows\System32\VoipRT.dll
[22/09/2025 20:02:30][DEBUG]   deleting file C:\Windows\System32\vrfcore.dll
[22/09/2025 20:02:30][DEBUG]   deleting file C:\Windows\System32\VSD3DRefDebug.dll
[22/09/2025 20:02:30][DEBUG]   deleting file C:\Windows\System32\VsGraphicsCapture.dll
[22/09/2025 20:02:30][DEBUG]   deleting file C:\Windows\System32\w32tm.exe
[22/09/2025 20:02:30][DEBUG]   deleting file C:\Windows\System32\WEB.rs
[22/09/2025 20:02:30][DEBUG]   deleting file C:\Windows\System32\WebcamUi.dll
[22/09/2025 20:02:30][DEBUG]   deleting file C:\Windows\System32\WiFiDisplay.dll
[22/09/2025 20:02:30][DEBUG]   deleting file C:\Windows\System32\wincredprovider.dll
[22/09/2025 20:02:30][DEBUG]   deleting file C:\Windows\System32\Windows.AccountsControl.dll
[22/09/2025 20:02:30][DEBUG]   deleting file C:\Windows\System32\Windows.ApplicationModel.Wallet.dll
[22/09/2025 20:02:30][DEBUG]   deleting file C:\Windows\System32\Windows.Devices.Background.dll
[22/09/2025 20:02:30][DEBUG]   deleting file C:\Windows\System32\Windows.Devices.Custom.dll
[22/09/2025 20:02:30][DEBUG]   deleting file C:\Windows\System32\Windows.Devices.Enumeration.dll
[22/09/2025 20:02:30][DEBUG]   deleting file C:\Windows\System32\Windows.Devices.Midi.dll
[22/09/2025 20:02:30][DEBUG]   deleting file C:\Windows\System32\Windows.Devices.Picker.dll
[22/09/2025 20:02:30][DEBUG]   deleting file C:\Windows\System32\Windows.Devices.Portable.dll
[22/09/2025 20:02:30][DEBUG]   deleting file C:\Windows\System32\Windows.Devices.SerialCommunication.dll
[22/09/2025 20:02:30][DEBUG]   deleting file C:\Windows\System32\Windows.Devices.SmartCards.dll
[22/09/2025 20:02:30][DEBUG]   deleting file C:\Windows\System32\Windows.Devices.Usb.dll
[22/09/2025 20:02:30][DEBUG]   deleting file C:\Windows\System32\Windows.Devices.WiFiDirect.dll
[22/09/2025 20:02:30][DEBUG]   deleting file C:\Windows\System32\Windows.Gaming.XboxLive.Storage.dll
[22/09/2025 20:02:30][DEBUG]   deleting file C:\Windows\System32\windows.internal.shellcommon.AccountsControlExperience.dll
[22/09/2025 20:02:30][DEBUG]   deleting file C:\Windows\System32\Windows.Internal.UI.Logon.ProxyStub.dll
[22/09/2025 20:02:30][DEBUG]   deleting file C:\Windows\System32\Windows.Media.Import.dll
[22/09/2025 20:02:30][DEBUG]   deleting file C:\Windows\System32\Windows.Mirage.dll
[22/09/2025 20:02:30][DEBUG]   deleting file C:\Windows\System32\Windows.Mirage.Internal.dll
[22/09/2025 20:02:30][DEBUG]   deleting file C:\Windows\System32\Windows.Payments.dll
[22/09/2025 20:02:30][DEBUG]   deleting file C:\Windows\System32\Windows.Security.Authentication.Identity.Provider.dll
[22/09/2025 20:02:30][DEBUG]   deleting file C:\Windows\System32\Windows.Storage.ApplicationData.dll
[22/09/2025 20:02:30][DEBUG]   deleting file C:\Windows\System32\Windows.System.Profile.PlatformDiagnosticsAndUsageDataSettings.dll
[22/09/2025 20:02:30][DEBUG]   deleting file C:\Windows\System32\Windows.System.Profile.SystemManufacturers.dll
[22/09/2025 20:02:30][DEBUG]   deleting file C:\Windows\System32\Windows.System.SystemManagement.dll
[22/09/2025 20:02:30][DEBUG]   deleting file C:\Windows\System32\Windows.System.UserProfile.DiagnosticsSettings.dll
[22/09/2025 20:02:30][DEBUG]   deleting file C:\Windows\System32\windowslivelogin.dll
[22/09/2025 20:02:30][DEBUG]   deleting file C:\Windows\System32\WindowsManagementServiceWinRt.ProxyStub.dll
[22/09/2025 20:02:30][DEBUG]   deleting file C:\Windows\System32\winsqlite3.dll
[22/09/2025 20:02:30][DEBUG]   deleting file C:\Windows\System32\wisp.dll
[22/09/2025 20:02:30][DEBUG]   deleting file C:\Windows\System32\wlanext.exe
[22/09/2025 20:02:30][DEBUG]   deleting file C:\Windows\System32\wlidcli.dll
[22/09/2025 20:02:30][DEBUG]   deleting file C:\Windows\System32\wmcodecdspps.dll
[22/09/2025 20:02:30][DEBUG]   deleting file C:\Windows\System32\wmerror.dll
[22/09/2025 20:02:30][DEBUG]   deleting file C:\Windows\System32\wmidx.dll
[22/09/2025 20:02:30][DEBUG]   deleting file C:\Windows\System32\wmpps.dll
[22/09/2025 20:02:30][DEBUG]   deleting file C:\Windows\System32\WMSPDMOE.DLL
[22/09/2025 20:02:30][DEBUG]   deleting file C:\Windows\System32\wow32.dll
[22/09/2025 20:02:30][DEBUG]   deleting file C:\Windows\System32\wscapi.dll
[22/09/2025 20:02:30][DEBUG]   deleting file C:\Windows\System32\WsmPty.xsl
[22/09/2025 20:02:30][DEBUG]   deleting file C:\Windows\System32\WsmTxt.xsl
[22/09/2025 20:02:30][DEBUG]   deleting file C:\Windows\System32\WwaApi.dll
[22/09/2025 20:02:30][DEBUG]   deleting file C:\Windows\System32\x3daudio1_0.dll
[22/09/2025 20:02:30][DEBUG]   deleting file C:\Windows\System32\x3daudio1_1.dll
[22/09/2025 20:02:30][DEBUG]   deleting file C:\Windows\System32\X3DAudio1_2.dll
[22/09/2025 20:02:30][DEBUG]   deleting file C:\Windows\System32\X3DAudio1_3.dll
[22/09/2025 20:02:30][DEBUG]   deleting file C:\Windows\System32\X3DAudio1_4.dll
[22/09/2025 20:02:30][DEBUG]   deleting file C:\Windows\System32\X3DAudio1_5.dll
[22/09/2025 20:02:30][DEBUG]   deleting file C:\Windows\System32\xactengine2_0.dll
[22/09/2025 20:02:30][DEBUG]   deleting file C:\Windows\System32\xactengine2_1.dll
[22/09/2025 20:02:30][DEBUG]   deleting file C:\Windows\System32\xactengine2_10.dll
[22/09/2025 20:02:30][DEBUG]   deleting file C:\Windows\System32\xactengine2_2.dll
[22/09/2025 20:02:30][DEBUG]   deleting file C:\Windows\System32\xactengine2_3.dll
[22/09/2025 20:02:30][DEBUG]   deleting file C:\Windows\System32\xactengine2_4.dll
[22/09/2025 20:02:30][DEBUG]   deleting file C:\Windows\System32\xactengine2_6.dll
[22/09/2025 20:02:30][DEBUG]   deleting file C:\Windows\System32\xactengine2_7.dll
[22/09/2025 20:02:30][DEBUG]   deleting file C:\Windows\System32\xactengine2_8.dll
[22/09/2025 20:02:30][DEBUG]   deleting file C:\Windows\System32\xactengine2_9.dll
[22/09/2025 20:02:30][DEBUG]   deleting file C:\Windows\System32\xactengine3_0.dll
[22/09/2025 20:02:30][DEBUG]   deleting file C:\Windows\System32\xactengine3_1.dll
[22/09/2025 20:02:30][DEBUG]   deleting file C:\Windows\System32\xactengine3_2.dll
[22/09/2025 20:02:30][DEBUG]   deleting file C:\Windows\System32\xactengine3_3.dll
[22/09/2025 20:02:30][DEBUG]   deleting file C:\Windows\System32\xactengine3_4.dll
[22/09/2025 20:02:30][DEBUG]   deleting file C:\Windows\System32\XAPOFX1_2.dll
[22/09/2025 20:02:30][DEBUG]   deleting file C:\Windows\System32\XAPOFX1_3.dll
[22/09/2025 20:02:30][DEBUG]   deleting file C:\Windows\System32\XAudio2_0.dll
[22/09/2025 20:02:30][DEBUG]   deleting file C:\Windows\System32\XAudio2_1.dll
[22/09/2025 20:02:30][DEBUG]   deleting file C:\Windows\System32\XAudio2_2.dll
[22/09/2025 20:02:30][DEBUG]   deleting file C:\Windows\System32\XAudio2_3.dll
[22/09/2025 20:02:30][DEBUG]   deleting file C:\Windows\System32\XblAuthManagerProxy.dll
[22/09/2025 20:02:30][DEBUG]   deleting file C:\Windows\System32\XblAuthTokenBrokerExt.dll
[22/09/2025 20:02:30][DEBUG]   deleting file C:\Windows\System32\XblGameSaveProxy.dll
[22/09/2025 20:02:30][DEBUG]   deleting file C:\Windows\System32\xinput1_2.dll
[22/09/2025 20:02:30][DEBUG]   deleting file C:\Windows\System32\xmlfilter.dll
[22/09/2025 20:02:30][DEBUG]   deleting file C:\Windows\System32\xwizard.dtd
[22/09/2025 20:02:30][DEBUG] end DeleteFilesOlderThan
[22/09/2025 20:02:30][TRACE] Timer End
[22/09/2025 20:02:30][DEBUG] end TFilePurgerService.Timer1Timer
[22/09/2025 20:02:30][TRACE] UnLoadInitials
